02:13:25 am ::-->> adminhub__Trace_LifeTime Session Saved
02:13:27 am ::-->> adminhub__Q1NSRl9GTEFH Session Saved
07:13:46 am ::-->> adminhub__QVVUSF9DRVJU Session Saved
07:13:46 am ::-->> adminhub__email Session Saved
07:15:39 am ::-->> adminhub__Q1NSRl9GTEFH Session Saved
07:17:22 am ::-->> adminhub__Q1NSRl9GTEFH Session Saved
02:17:49 am ::-->> adminhub__Q1NSRl9GTEFH Session Saved
04:40:38 am ::-->> adminhub__Trace_LifeTime Session Saved
04:40:39 am ::-->> adminhub__Q1NSRl9GTEFH Session Saved
07:22:01 am ::-->> adminhub__Trace_LifeTime Session Saved
07:22:02 am ::-->> adminhub__Q1NSRl9GTEFH Session Saved
12:22:10 pm ::-->> adminhub__QVVUSF9DRVJU Session Saved
12:22:10 pm ::-->> adminhub__email Session Saved
07:40:33 am ::-->> adminhub__Trace_LifeTime Session Saved
07:48:11 am ::-->> adminhub__Trace_LifeTime Session Saved
07:48:11 am ::-->> adminhub__Q1NSRl9GTEFH Session Saved
12:48:32 pm ::-->> adminhub__QVVUSF9DRVJU Session Saved
12:48:32 pm ::-->> adminhub__email Session Saved
12:49:51 pm ::-->> adminhub__Q1NSRl9GTEFH Session Saved
07:58:03 am ::-->> adminhub__Q1NSRl9GTEFH Session Saved
08:13:02 am ::-->> adminhub__Trace_LifeTime Session Saved
08:32:28 am ::-->> adminhub__Trace_LifeTime Session Saved
09:14:58 am ::-->> adminhub__Trace_LifeTime Session Saved
02:14:58 pm ::-->> adminhub__Q1NSRl9GTEFH Session Saved
09:32:10 am ::-->> adminhub__Trace_LifeTime Session Saved
10:47:11 am ::-->> adminhub__Trace_LifeTime Session Saved
10:47:12 am ::-->> adminhub__Q1NSRl9GTEFH Session Saved
03:47:20 pm ::-->> adminhub__QVVUSF9DRVJU Session Saved
03:47:20 pm ::-->> adminhub__email Session Saved
11:57:44 am ::-->> adminhub__Trace_LifeTime Session Saved
12:10:57 pm ::-->> adminhub__Trace_LifeTime Session Saved
12:10:57 pm ::-->> adminhub__Q1NSRl9GTEFH Session Saved
05:11:36 pm ::-->> adminhub__QVVUSF9DRVJU Session Saved
05:11:36 pm ::-->> adminhub__email Session Saved
05:11:52 pm ::-->> adminhub__QVVUSF9DRVJU Session Saved
05:11:52 pm ::-->> adminhub__email Session Saved
05:12:14 pm ::-->> adminhub__Q1NSRl9GTEFH Session Saved
05:19:26 pm ::-->> adminhub__Q1NSRl9GTEFH Session Saved
12:20:11 pm ::-->> adminhub__Q1NSRl9GTEFH Session Saved
12:35:07 pm ::-->> adminhub__Trace_LifeTime Session Saved
01:12:53 pm ::-->> adminhub__Trace_LifeTime Session Saved
06:13:13 pm ::-->> adminhub__Q1NSRl9GTEFH Session Saved
01:37:20 pm ::-->> adminhub__Trace_LifeTime Session Saved
01:37:20 pm ::-->> adminhub__Q1NSRl9GTEFH Session Saved
02:23:51 pm ::-->> adminhub__Trace_LifeTime Session Saved
02:23:52 pm ::-->> adminhub__Q1NSRl9GTEFH Session Saved
07:24:06 pm ::-->> adminhub__QVVUSF9DRVJU Session Saved
07:24:06 pm ::-->> adminhub__email Session Saved
03:39:40 pm ::-->> adminhub__Trace_LifeTime Session Saved
03:54:42 pm ::-->> adminhub__Trace_LifeTime Session Saved
