02:24:13 am ::-->> adminhub__Trace_LifeTime Session Saved
02:24:14 am ::-->> adminhub__Q1NSRl9GTEFH Session Saved
07:24:21 am ::-->> adminhub__QVVUSF9DRVJU Session Saved
07:24:21 am ::-->> adminhub__email Session Saved
03:26:50 am ::-->> adminhub__Trace_LifeTime Session Saved
03:53:33 am ::-->> adminhub__Trace_LifeTime Session Saved
04:32:39 am ::-->> adminhub__Trace_LifeTime Session Saved
05:14:55 am ::-->> adminhub__Trace_LifeTime Session Saved
05:38:51 am ::-->> adminhub__Trace_LifeTime Session Saved
06:36:51 am ::-->> adminhub__Trace_LifeTime Session Saved
08:19:35 am ::-->> adminhub__Trace_LifeTime Session Saved
08:19:36 am ::-->> adminhub__Q1NSRl9GTEFH Session Saved
09:18:16 am ::-->> adminhub__Trace_LifeTime Session Saved
09:18:16 am ::-->> adminhub__Q1NSRl9GTEFH Session Saved
02:18:28 pm ::-->> adminhub__QVVUSF9DRVJU Session Saved
02:18:28 pm ::-->> adminhub__email Session Saved
10:13:56 am ::-->> adminhub__Trace_LifeTime Session Saved
10:39:58 am ::-->> adminhub__Trace_LifeTime Session Saved
11:07:29 am ::-->> adminhub__Trace_LifeTime Session Saved
11:36:12 am ::-->> adminhub__Trace_LifeTime Session Saved
12:16:04 pm ::-->> adminhub__Trace_LifeTime Session Saved
12:51:35 pm ::-->> adminhub__Trace_LifeTime Session Saved
01:11:06 pm ::-->> adminhub__Trace_LifeTime Session Saved
01:17:32 pm ::-->> adminhub__Trace_LifeTime Session Saved
01:17:33 pm ::-->> adminhub__Q1NSRl9GTEFH Session Saved
06:18:18 pm ::-->> adminhub__QVVUSF9DRVJU Session Saved
06:18:18 pm ::-->> adminhub__email Session Saved
06:20:17 pm ::-->> adminhub__Q1NSRl9GTEFH Session Saved
01:23:38 pm ::-->> adminhub__Q1NSRl9GTEFH Session Saved
02:59:53 pm ::-->> adminhub__Trace_LifeTime Session Saved
03:41:42 pm ::-->> adminhub__Trace_LifeTime Session Saved
03:50:09 pm ::-->> adminhub__Trace_LifeTime Session Saved
03:50:09 pm ::-->> adminhub__Q1NSRl9GTEFH Session Saved
04:29:53 pm ::-->> adminhub__Trace_LifeTime Session Saved
04:42:24 pm ::-->> adminhub__Q1NSRl9GTEFH Session Saved
09:42:33 pm ::-->> adminhub__QVVUSF9DRVJU Session Saved
09:42:33 pm ::-->> adminhub__email Session Saved
09:43:12 pm ::-->> adminhub__Q1NSRl9GTEFH Session Saved
05:01:48 pm ::-->> adminhub__Trace_LifeTime Session Saved
05:17:01 pm ::-->> adminhub__Trace_LifeTime Session Saved
06:03:28 pm ::-->> adminhub__Trace_LifeTime Session Saved
11:03:50 pm ::-->> adminhub__Q1NSRl9GTEFH Session Saved
11:06:04 pm ::-->> adminhub__Q1NSRl9GTEFH Session Saved
06:21:08 pm ::-->> adminhub__Trace_LifeTime Session Saved
06:36:20 pm ::-->> adminhub__Trace_LifeTime Session Saved
07:01:12 pm ::-->> adminhub__Trace_LifeTime Session Saved
