02:14:11 am ::-->> adminhub__Trace_LifeTime Session Saved
02:14:11 am ::-->> adminhub__Q1NSRl9GTEFH Session Saved
07:14:34 am ::-->> adminhub__QVVUSF9DRVJU Session Saved
07:14:34 am ::-->> adminhub__email Session Saved
07:15:56 am ::-->> adminhub__Q1NSRl9GTEFH Session Saved
07:24:26 am ::-->> adminhub__Q1NSRl9GTEFH Session Saved
07:24:47 am ::-->> adminhub__Q1NSRl9GTEFH Session Saved
02:26:03 am ::-->> adminhub__Q1NSRl9GTEFH Session Saved
02:52:23 am ::-->> adminhub__Trace_LifeTime Session Saved
02:52:24 am ::-->> adminhub__Q1NSRl9GTEFH Session Saved
07:52:30 am ::-->> adminhub__QVVUSF9DRVJU Session Saved
07:52:30 am ::-->> adminhub__email Session Saved
03:09:27 am ::-->> adminhub__Trace_LifeTime Session Saved
05:17:17 am ::-->> adminhub__Trace_LifeTime Session Saved
05:17:18 am ::-->> adminhub__Q1NSRl9GTEFH Session Saved
10:17:34 am ::-->> adminhub__QVVUSF9DRVJU Session Saved
10:17:34 am ::-->> adminhub__email Session Saved
10:20:20 am ::-->> adminhub__Q1NSRl9GTEFH Session Saved
05:21:21 am ::-->> adminhub__Q1NSRl9GTEFH Session Saved
05:29:09 am ::-->> adminhub__Trace_LifeTime Session Saved
05:29:10 am ::-->> adminhub__Q1NSRl9GTEFH Session Saved
10:29:19 am ::-->> adminhub__QVVUSF9DRVJU Session Saved
10:29:19 am ::-->> adminhub__email Session Saved
07:31:45 am ::-->> adminhub__Trace_LifeTime Session Saved
07:31:46 am ::-->> adminhub__Q1NSRl9GTEFH Session Saved
12:32:00 pm ::-->> adminhub__QVVUSF9DRVJU Session Saved
12:32:00 pm ::-->> adminhub__email Session Saved
08:20:02 am ::-->> adminhub__Trace_LifeTime Session Saved
08:42:10 am ::-->> adminhub__Trace_LifeTime Session Saved
01:43:17 pm ::-->> adminhub__Q1NSRl9GTEFH Session Saved
09:31:11 am ::-->> adminhub__Trace_LifeTime Session Saved
09:50:16 am ::-->> adminhub__Trace_LifeTime Session Saved
10:32:03 am ::-->> adminhub__Trace_LifeTime Session Saved
10:53:28 am ::-->> adminhub__Trace_LifeTime Session Saved
10:59:20 am ::-->> adminhub__Trace_LifeTime Session Saved
10:59:21 am ::-->> adminhub__Q1NSRl9GTEFH Session Saved
03:59:36 pm ::-->> adminhub__QVVUSF9DRVJU Session Saved
03:59:36 pm ::-->> adminhub__email Session Saved
04:01:14 pm ::-->> adminhub__Q1NSRl9GTEFH Session Saved
11:03:36 am ::-->> adminhub__Q1NSRl9GTEFH Session Saved
11:20:03 am ::-->> adminhub__Trace_LifeTime Session Saved
11:54:37 am ::-->> adminhub__Trace_LifeTime Session Saved
12:28:24 pm ::-->> adminhub__Trace_LifeTime Session Saved
12:46:30 pm ::-->> adminhub__Trace_LifeTime Session Saved
05:47:34 pm ::-->> adminhub__Q1NSRl9GTEFH Session Saved
01:10:26 pm ::-->> adminhub__Trace_LifeTime Session Saved
01:40:31 pm ::-->> adminhub__Trace_LifeTime Session Saved
01:40:31 pm ::-->> adminhub__Q1NSRl9GTEFH Session Saved
06:41:20 pm ::-->> adminhub__QVVUSF9DRVJU Session Saved
06:41:20 pm ::-->> adminhub__email Session Saved
06:42:16 pm ::-->> adminhub__Q1NSRl9GTEFH Session Saved
06:43:28 pm ::-->> adminhub__Q1NSRl9GTEFH Session Saved
01:45:54 pm ::-->> adminhub__Q1NSRl9GTEFH Session Saved
01:52:07 pm ::-->> adminhub__Trace_LifeTime Session Saved
01:52:07 pm ::-->> adminhub__Q1NSRl9GTEFH Session Saved
02:58:37 pm ::-->> adminhub__Trace_LifeTime Session Saved
02:58:37 pm ::-->> adminhub__Q1NSRl9GTEFH Session Saved
07:58:54 pm ::-->> adminhub__QVVUSF9DRVJU Session Saved
07:58:54 pm ::-->> adminhub__email Session Saved
03:15:56 pm ::-->> adminhub__Trace_LifeTime Session Saved
03:39:30 pm ::-->> adminhub__Trace_LifeTime Session Saved
03:59:11 pm ::-->> adminhub__Trace_LifeTime Session Saved
04:35:48 pm ::-->> adminhub__Trace_LifeTime Session Saved
04:57:48 pm ::-->> adminhub__Trace_LifeTime Session Saved
05:24:21 pm ::-->> adminhub__Trace_LifeTime Session Saved
05:45:20 pm ::-->> adminhub__Trace_LifeTime Session Saved
05:45:21 pm ::-->> adminhub__Q1NSRl9GTEFH Session Saved
10:45:37 pm ::-->> adminhub__QVVUSF9DRVJU Session Saved
10:45:37 pm ::-->> adminhub__email Session Saved
10:46:06 pm ::-->> adminhub__Q1NSRl9GTEFH Session Saved
05:48:27 pm ::-->> adminhub__Q1NSRl9GTEFH Session Saved
06:21:03 pm ::-->> adminhub__Trace_LifeTime Session Saved
11:30:44 pm ::-->> adminhub__Q1NSRl9GTEFH Session Saved
11:31:14 pm ::-->> adminhub__Q1NSRl9GTEFH Session Saved
11:32:04 pm ::-->> adminhub__Q1NSRl9GTEFH Session Saved
11:32:20 pm ::-->> adminhub__Q1NSRl9GTEFH Session Saved
