01:50:27 am ::-->> adminhub__Trace_LifeTime Session Saved
02:43:30 am ::-->> adminhub__Trace_LifeTime Session Saved
03:06:18 am ::-->> adminhub__Trace_LifeTime Session Saved
03:27:56 am ::-->> adminhub__Trace_LifeTime Session Saved
03:57:58 am ::-->> adminhub__Trace_LifeTime Session Saved
04:27:43 am ::-->> adminhub__Trace_LifeTime Session Saved
05:25:30 am ::-->> adminhub__Trace_LifeTime Session Saved
05:50:16 am ::-->> adminhub__Trace_LifeTime Session Saved
06:10:57 am ::-->> adminhub__Trace_LifeTime Session Saved
07:10:28 am ::-->> adminhub__Trace_LifeTime Session Saved
07:10:29 am ::-->> adminhub__Q1NSRl9GTEFH Session Saved
12:10:38 pm ::-->> adminhub__QVVUSF9DRVJU Session Saved
12:10:38 pm ::-->> adminhub__email Session Saved
08:20:48 am ::-->> adminhub__Trace_LifeTime Session Saved
09:44:59 am ::-->> adminhub__Trace_LifeTime Session Saved
10:17:28 am ::-->> adminhub__Trace_LifeTime Session Saved
10:38:01 am ::-->> adminhub__Trace_LifeTime Session Saved
12:50:08 pm ::-->> adminhub__Trace_LifeTime Session Saved
12:57:51 pm ::-->> adminhub__Trace_LifeTime Session Saved
12:57:52 pm ::-->> adminhub__Q1NSRl9GTEFH Session Saved
05:58:02 pm ::-->> adminhub__QVVUSF9DRVJU Session Saved
05:58:02 pm ::-->> adminhub__email Session Saved
05:59:23 pm ::-->> adminhub__Q1NSRl9GTEFH Session Saved
01:00:36 pm ::-->> adminhub__Q1NSRl9GTEFH Session Saved
02:21:15 pm ::-->> adminhub__Trace_LifeTime Session Saved
03:13:20 pm ::-->> adminhub__Trace_LifeTime Session Saved
03:13:20 pm ::-->> adminhub__Q1NSRl9GTEFH Session Saved
03:16:02 pm ::-->> adminhub__Trace_LifeTime Session Saved
03:16:03 pm ::-->> adminhub__Q1NSRl9GTEFH Session Saved
03:16:06 pm ::-->> adminhub__Q1NSRl9GTEFH Session Saved
08:16:23 pm ::-->> adminhub__QVVUSF9DRVJU Session Saved
08:16:23 pm ::-->> adminhub__email Session Saved
03:57:19 pm ::-->> adminhub__Trace_LifeTime Session Saved
04:59:53 pm ::-->> adminhub__Trace_LifeTime Session Saved
05:18:28 pm ::-->> adminhub__Trace_LifeTime Session Saved
10:18:28 pm ::-->> adminhub__Q1NSRl9GTEFH Session Saved
05:36:26 pm ::-->> adminhub__Trace_LifeTime Session Saved
10:36:26 pm ::-->> adminhub__Q1NSRl9GTEFH Session Saved
