01:50:51 am ::-->> adminhub__Trace_LifeTime Session Saved
01:50:53 am ::-->> adminhub__Q1NSRl9GTEFH Session Saved
06:51:01 am ::-->> adminhub__QVVUSF9DRVJU Session Saved
06:51:01 am ::-->> adminhub__email Session Saved
03:25:52 am ::-->> adminhub__Trace_LifeTime Session Saved
08:32:41 am ::-->> adminhub__Q1NSRl9GTEFH Session Saved
04:52:24 am ::-->> adminhub__Trace_LifeTime Session Saved
04:52:25 am ::-->> adminhub__Q1NSRl9GTEFH Session Saved
09:52:34 am ::-->> adminhub__QVVUSF9DRVJU Session Saved
09:52:34 am ::-->> adminhub__email Session Saved
05:41:55 am ::-->> adminhub__Trace_LifeTime Session Saved
06:04:24 am ::-->> adminhub__Trace_LifeTime Session Saved
10:39:45 am ::-->> adminhub__Trace_LifeTime Session Saved
10:39:46 am ::-->> adminhub__Q1NSRl9GTEFH Session Saved
03:39:51 pm ::-->> adminhub__QVVUSF9DRVJU Session Saved
03:39:51 pm ::-->> adminhub__email Session Saved
12:11:49 pm ::-->> adminhub__Trace_LifeTime Session Saved
05:12:01 pm ::-->> adminhub__Q1NSRl9GTEFH Session Saved
12:54:30 pm ::-->> adminhub__Trace_LifeTime Session Saved
03:00:13 pm ::-->> adminhub__Trace_LifeTime Session Saved
03:33:39 pm ::-->> adminhub__Trace_LifeTime Session Saved
03:33:40 pm ::-->> adminhub__Q1NSRl9GTEFH Session Saved
08:33:56 pm ::-->> adminhub__QVVUSF9DRVJU Session Saved
08:33:56 pm ::-->> adminhub__email Session Saved
04:00:26 pm ::-->> adminhub__Trace_LifeTime Session Saved
04:30:07 pm ::-->> adminhub__Trace_LifeTime Session Saved
04:50:17 pm ::-->> adminhub__Trace_LifeTime Session Saved
