04:30:23 am ::-->> adminhub__Trace_LifeTime Session Saved
04:30:26 am ::-->> adminhub__Q1NSRl9GTEFH Session Saved
09:30:36 am ::-->> adminhub__QVVUSF9DRVJU Session Saved
09:30:36 am ::-->> adminhub__email Session Saved
04:45:30 am ::-->> adminhub__Trace_LifeTime Session Saved
07:07:31 am ::-->> adminhub__Trace_LifeTime Session Saved
07:07:32 am ::-->> adminhub__Q1NSRl9GTEFH Session Saved
12:07:41 pm ::-->> adminhub__QVVUSF9DRVJU Session Saved
12:07:41 pm ::-->> adminhub__email Session Saved
07:23:14 am ::-->> adminhub__Trace_LifeTime Session Saved
12:32:21 pm ::-->> adminhub__Q1NSRl9GTEFH Session Saved
08:48:57 am ::-->> adminhub__Trace_LifeTime Session Saved
09:25:56 am ::-->> adminhub__Trace_LifeTime Session Saved
09:47:42 am ::-->> adminhub__Trace_LifeTime Session Saved
10:27:52 am ::-->> adminhub__Trace_LifeTime Session Saved
11:08:54 am ::-->> adminhub__Trace_LifeTime Session Saved
11:27:40 am ::-->> adminhub__Trace_LifeTime Session Saved
12:48:05 pm ::-->> adminhub__Trace_LifeTime Session Saved
12:48:22 pm ::-->> adminhub__Q1NSRl9GTEFH Session Saved
05:48:31 pm ::-->> adminhub__QVVUSF9DRVJU Session Saved
05:48:31 pm ::-->> adminhub__email Session Saved
01:29:40 pm ::-->> adminhub__Trace_LifeTime Session Saved
01:47:46 pm ::-->> adminhub__Trace_LifeTime Session Saved
03:55:58 pm ::-->> adminhub__Trace_LifeTime Session Saved
03:55:59 pm ::-->> adminhub__Q1NSRl9GTEFH Session Saved
08:56:05 pm ::-->> adminhub__QVVUSF9DRVJU Session Saved
08:56:05 pm ::-->> adminhub__email Session Saved
08:56:27 pm ::-->> adminhub__Q1NSRl9GTEFH Session Saved
03:58:30 pm ::-->> adminhub__Q1NSRl9GTEFH Session Saved
08:58:41 pm ::-->> adminhub__QVVUSF9DRVJU Session Saved
08:58:41 pm ::-->> adminhub__email Session Saved
08:59:00 pm ::-->> adminhub__Q1NSRl9GTEFH Session Saved
04:40:21 pm ::-->> adminhub__Trace_LifeTime Session Saved
04:40:22 pm ::-->> adminhub__Q1NSRl9GTEFH Session Saved
09:40:28 pm ::-->> adminhub__QVVUSF9DRVJU Session Saved
09:40:28 pm ::-->> adminhub__email Session Saved
04:57:34 pm ::-->> adminhub__Trace_LifeTime Session Saved
06:15:09 pm ::-->> adminhub__Trace_LifeTime Session Saved
