02:04:51 am ::-->> adminhub__Trace_LifeTime Session Saved
02:04:52 am ::-->> adminhub__Q1NSRl9GTEFH Session Saved
07:05:00 am ::-->> adminhub__QVVUSF9DRVJU Session Saved
07:05:00 am ::-->> adminhub__email Session Saved
03:06:46 am ::-->> adminhub__Trace_LifeTime Session Saved
03:32:53 am ::-->> adminhub__Trace_LifeTime Session Saved
04:17:03 am ::-->> adminhub__Trace_LifeTime Session Saved
04:55:02 am ::-->> adminhub__Trace_LifeTime Session Saved
05:21:54 am ::-->> adminhub__Trace_LifeTime Session Saved
06:04:57 am ::-->> adminhub__Trace_LifeTime Session Saved
06:42:02 am ::-->> adminhub__Trace_LifeTime Session Saved
06:57:40 am ::-->> adminhub__Trace_LifeTime Session Saved
11:58:22 am ::-->> adminhub__Q1NSRl9GTEFH Session Saved
07:38:31 am ::-->> adminhub__Trace_LifeTime Session Saved
12:38:31 pm ::-->> adminhub__Q1NSRl9GTEFH Session Saved
12:43:05 pm ::-->> adminhub__Q1NSRl9GTEFH Session Saved
11:35:16 am ::-->> adminhub__Trace_LifeTime Session Saved
04:35:16 pm ::-->> adminhub__Q1NSRl9GTEFH Session Saved
01:32:35 pm ::-->> adminhub__Trace_LifeTime Session Saved
01:32:36 pm ::-->> adminhub__Q1NSRl9GTEFH Session Saved
06:32:47 pm ::-->> adminhub__QVVUSF9DRVJU Session Saved
06:32:47 pm ::-->> adminhub__email Session Saved
02:03:08 pm ::-->> adminhub__Trace_LifeTime Session Saved
02:40:26 pm ::-->> adminhub__Trace_LifeTime Session Saved
02:40:27 pm ::-->> adminhub__Q1NSRl9GTEFH Session Saved
02:42:19 pm ::-->> adminhub__Trace_LifeTime Session Saved
02:42:19 pm ::-->> adminhub__Q1NSRl9GTEFH Session Saved
07:42:43 pm ::-->> adminhub__QVVUSF9DRVJU Session Saved
07:42:43 pm ::-->> adminhub__email Session Saved
02:48:39 pm ::-->> adminhub__Q1NSRl9GTEFH Session Saved
04:09:57 pm ::-->> adminhub__Trace_LifeTime Session Saved
04:09:58 pm ::-->> adminhub__Q1NSRl9GTEFH Session Saved
09:10:04 pm ::-->> adminhub__QVVUSF9DRVJU Session Saved
09:10:04 pm ::-->> adminhub__email Session Saved
04:33:32 pm ::-->> adminhub__Trace_LifeTime Session Saved
06:15:58 pm ::-->> adminhub__Trace_LifeTime Session Saved
