03:31:08 am ::-->> adminhub__Trace_LifeTime Session Saved
03:31:09 am ::-->> adminhub__Q1NSRl9GTEFH Session Saved
08:31:14 am ::-->> adminhub__QVVUSF9DRVJU Session Saved
08:31:14 am ::-->> adminhub__email Session Saved
03:49:39 am ::-->> adminhub__Trace_LifeTime Session Saved
05:28:09 am ::-->> adminhub__Trace_LifeTime Session Saved
05:28:10 am ::-->> adminhub__Q1NSRl9GTEFH Session Saved
10:28:16 am ::-->> adminhub__QVVUSF9DRVJU Session Saved
10:28:16 am ::-->> adminhub__email Session Saved
05:44:04 am ::-->> adminhub__Trace_LifeTime Session Saved
06:06:28 am ::-->> adminhub__Trace_LifeTime Session Saved
07:23:13 am ::-->> adminhub__Trace_LifeTime Session Saved
07:23:13 am ::-->> adminhub__Q1NSRl9GTEFH Session Saved
07:43:34 am ::-->> adminhub__Trace_LifeTime Session Saved
07:43:35 am ::-->> adminhub__Q1NSRl9GTEFH Session Saved
07:43:39 am ::-->> adminhub__Q1NSRl9GTEFH Session Saved
12:43:46 pm ::-->> adminhub__QVVUSF9DRVJU Session Saved
12:43:46 pm ::-->> adminhub__email Session Saved
11:52:41 am ::-->> adminhub__Trace_LifeTime Session Saved
11:52:42 am ::-->> adminhub__Q1NSRl9GTEFH Session Saved
04:52:50 pm ::-->> adminhub__QVVUSF9DRVJU Session Saved
04:52:50 pm ::-->> adminhub__email Session Saved
12:25:16 pm ::-->> adminhub__Trace_LifeTime Session Saved
01:50:41 pm ::-->> adminhub__Trace_LifeTime Session Saved
03:20:59 pm ::-->> adminhub__Trace_LifeTime Session Saved
03:42:51 pm ::-->> adminhub__Trace_LifeTime Session Saved
04:13:21 pm ::-->> adminhub__Trace_LifeTime Session Saved
04:28:23 pm ::-->> adminhub__Trace_LifeTime Session Saved
04:28:23 pm ::-->> adminhub__Trace_LifeTime Session Saved
04:28:23 pm ::-->> adminhub__Trace_LifeTime Session Saved
04:28:23 pm ::-->> adminhub__Trace_LifeTime Session Saved
04:28:23 pm ::-->> adminhub__Trace_LifeTime Session Saved
09:42:34 pm ::-->> adminhub__Q1NSRl9GTEFH Session Saved
04:43:50 pm ::-->> adminhub__Trace_LifeTime Session Saved
