01:23:51 am ::-->> adminhub__Trace_LifeTime Session Saved
06:26:44 am ::-->> adminhub__Q1NSRl9GTEFH Session Saved
02:24:30 am ::-->> adminhub__Trace_LifeTime Session Saved
07:24:30 am ::-->> adminhub__Q1NSRl9GTEFH Session Saved
03:39:29 am ::-->> adminhub__Trace_LifeTime Session Saved
08:39:29 am ::-->> adminhub__Q1NSRl9GTEFH Session Saved
03:54:52 am ::-->> adminhub__Trace_LifeTime Session Saved
04:45:00 am ::-->> adminhub__Trace_LifeTime Session Saved
05:01:21 am ::-->> adminhub__Trace_LifeTime Session Saved
06:26:26 am ::-->> adminhub__Trace_LifeTime Session Saved
06:26:27 am ::-->> adminhub__Q1NSRl9GTEFH Session Saved
11:26:42 am ::-->> adminhub__QVVUSF9DRVJU Session Saved
11:26:42 am ::-->> adminhub__email Session Saved
07:26:51 am ::-->> adminhub__Trace_LifeTime Session Saved
12:26:51 pm ::-->> adminhub__Q1NSRl9GTEFH Session Saved
12:28:13 pm ::-->> adminhub__Q1NSRl9GTEFH Session Saved
07:37:15 am ::-->> adminhub__Q1NSRl9GTEFH Session Saved
07:42:38 am ::-->> adminhub__Trace_LifeTime Session Saved
07:42:39 am ::-->> adminhub__Q1NSRl9GTEFH Session Saved
07:46:12 am ::-->> adminhub__Q1NSRl9GTEFH Session Saved
12:46:22 pm ::-->> adminhub__QVVUSF9DRVJU Session Saved
12:46:22 pm ::-->> adminhub__email Session Saved
08:05:55 am ::-->> adminhub__Trace_LifeTime Session Saved
08:28:56 am ::-->> adminhub__Trace_LifeTime Session Saved
08:28:57 am ::-->> adminhub__Q1NSRl9GTEFH Session Saved
01:29:11 pm ::-->> adminhub__QVVUSF9DRVJU Session Saved
01:29:11 pm ::-->> adminhub__email Session Saved
08:29:26 am ::-->> adminhub__Q1NSRl9GTEFH Session Saved
01:29:35 pm ::-->> adminhub__QVVUSF9DRVJU Session Saved
01:29:35 pm ::-->> adminhub__email Session Saved
08:45:26 am ::-->> adminhub__Trace_LifeTime Session Saved
08:45:27 am ::-->> adminhub__Q1NSRl9GTEFH Session Saved
08:47:40 am ::-->> adminhub__Q1NSRl9GTEFH Session Saved
08:53:00 am ::-->> adminhub__Trace_LifeTime Session Saved
09:29:14 am ::-->> adminhub__Trace_LifeTime Session Saved
09:50:27 am ::-->> adminhub__Trace_LifeTime Session Saved
09:50:28 am ::-->> adminhub__Q1NSRl9GTEFH Session Saved
02:50:33 pm ::-->> adminhub__QVVUSF9DRVJU Session Saved
02:50:33 pm ::-->> adminhub__email Session Saved
02:51:53 pm ::-->> adminhub__Q1NSRl9GTEFH Session Saved
03:02:36 pm ::-->> adminhub__Q1NSRl9GTEFH Session Saved
10:08:47 am ::-->> adminhub__Trace_LifeTime Session Saved
10:08:47 am ::-->> adminhub__Q1NSRl9GTEFH Session Saved
03:13:13 pm ::-->> adminhub__MHhjNF9mb3JtX2Vycm9ycw== Session Saved
10:13:14 am ::-->> adminhub__Q1NSRl9GTEFH Session Saved
03:13:56 pm ::-->> adminhub__MHhjNF9mb3JtX2Vycm9ycw== Session Saved
10:13:56 am ::-->> adminhub__Q1NSRl9GTEFH Session Saved
03:14:28 pm ::-->> adminhub__MHhjNF9mb3JtX2Vycm9ycw== Session Saved
10:14:29 am ::-->> adminhub__Q1NSRl9GTEFH Session Saved
12:15:49 pm ::-->> adminhub__Trace_LifeTime Session Saved
12:15:50 pm ::-->> adminhub__Q1NSRl9GTEFH Session Saved
05:16:04 pm ::-->> adminhub__QVVUSF9DRVJU Session Saved
05:16:04 pm ::-->> adminhub__email Session Saved
05:17:24 pm ::-->> adminhub__Q1NSRl9GTEFH Session Saved
05:17:50 pm ::-->> adminhub__Q1NSRl9GTEFH Session Saved
12:31:20 pm ::-->> adminhub__Trace_LifeTime Session Saved
12:31:21 pm ::-->> adminhub__Q1NSRl9GTEFH Session Saved
05:31:29 pm ::-->> adminhub__MHhjNF9mb3JtX2Vycm9ycw== Session Saved
12:31:30 pm ::-->> adminhub__Q1NSRl9GTEFH Session Saved
12:31:44 pm ::-->> adminhub__Trace_LifeTime Session Saved
12:31:44 pm ::-->> adminhub__Q1NSRl9GTEFH Session Saved
05:32:01 pm ::-->> adminhub__QVVUSF9DRVJU Session Saved
05:32:01 pm ::-->> adminhub__email Session Saved
12:59:00 pm ::-->> adminhub__Trace_LifeTime Session Saved
05:59:00 pm ::-->> adminhub__Q1NSRl9GTEFH Session Saved
02:51:57 pm ::-->> adminhub__Trace_LifeTime Session Saved
02:51:57 pm ::-->> adminhub__Q1NSRl9GTEFH Session Saved
07:52:07 pm ::-->> adminhub__QVVUSF9DRVJU Session Saved
07:52:07 pm ::-->> adminhub__email Session Saved
03:16:09 pm ::-->> adminhub__Trace_LifeTime Session Saved
03:34:59 pm ::-->> adminhub__Trace_LifeTime Session Saved
03:54:19 pm ::-->> adminhub__Trace_LifeTime Session Saved
04:09:20 pm ::-->> adminhub__Trace_LifeTime Session Saved
04:32:36 pm ::-->> adminhub__Trace_LifeTime Session Saved
04:49:56 pm ::-->> adminhub__Trace_LifeTime Session Saved
05:24:15 pm ::-->> adminhub__Trace_LifeTime Session Saved
06:28:56 pm ::-->> adminhub__Trace_LifeTime Session Saved
06:54:45 pm ::-->> adminhub__Trace_LifeTime Session Saved
06:54:46 pm ::-->> adminhub__Q1NSRl9GTEFH Session Saved
11:55:25 pm ::-->> adminhub__QVVUSF9DRVJU Session Saved
11:55:25 pm ::-->> adminhub__email Session Saved
07:07:52 pm ::-->> adminhub__Q1NSRl9GTEFH Session Saved
