12:03:32 am ::-->> adminhub__Q1NSRl9GTEFH Session Saved
12:05:31 am ::-->> adminhub__Q1NSRl9GTEFH Session Saved
12:06:14 am ::-->> adminhub__Q1NSRl9GTEFH Session Saved
02:10:39 am ::-->> adminhub__Trace_LifeTime Session Saved
02:10:39 am ::-->> adminhub__Q1NSRl9GTEFH Session Saved
07:10:51 am ::-->> adminhub__QVVUSF9DRVJU Session Saved
07:10:51 am ::-->> adminhub__email Session Saved
02:46:58 am ::-->> adminhub__Trace_LifeTime Session Saved
02:48:24 am ::-->> adminhub__Trace_LifeTime Session Saved
02:48:25 am ::-->> adminhub__Q1NSRl9GTEFH Session Saved
07:48:42 am ::-->> adminhub__QVVUSF9DRVJU Session Saved
07:48:42 am ::-->> adminhub__email Session Saved
02:49:35 am ::-->> adminhub__Q1NSRl9GTEFH Session Saved
04:08:38 am ::-->> adminhub__Trace_LifeTime Session Saved
04:59:55 am ::-->> adminhub__Trace_LifeTime Session Saved
10:11:57 am ::-->> adminhub__Q1NSRl9GTEFH Session Saved
05:19:44 am ::-->> adminhub__Trace_LifeTime Session Saved
05:19:44 am ::-->> adminhub__Trace_LifeTime Session Saved
05:19:45 am ::-->> adminhub__Trace_LifeTime Session Saved
05:38:27 am ::-->> adminhub__Trace_LifeTime Session Saved
06:41:53 am ::-->> adminhub__Trace_LifeTime Session Saved
07:06:14 am ::-->> adminhub__Trace_LifeTime Session Saved
07:13:41 am ::-->> adminhub__Trace_LifeTime Session Saved
07:13:42 am ::-->> adminhub__Q1NSRl9GTEFH Session Saved
12:13:55 pm ::-->> adminhub__QVVUSF9DRVJU Session Saved
12:13:55 pm ::-->> adminhub__email Session Saved
12:17:13 pm ::-->> adminhub__Q1NSRl9GTEFH Session Saved
07:30:08 am ::-->> adminhub__Trace_LifeTime Session Saved
08:08:53 am ::-->> adminhub__Trace_LifeTime Session Saved
08:08:54 am ::-->> adminhub__Q1NSRl9GTEFH Session Saved
08:16:55 am ::-->> adminhub__Q1NSRl9GTEFH Session Saved
01:17:05 pm ::-->> adminhub__QVVUSF9DRVJU Session Saved
01:17:05 pm ::-->> adminhub__email Session Saved
08:36:04 am ::-->> adminhub__Trace_LifeTime Session Saved
08:49:00 am ::-->> adminhub__Trace_LifeTime Session Saved
08:49:01 am ::-->> adminhub__Q1NSRl9GTEFH Session Saved
09:55:05 am ::-->> adminhub__Trace_LifeTime Session Saved
10:10:51 am ::-->> adminhub__Trace_LifeTime Session Saved
10:10:51 am ::-->> adminhub__Q1NSRl9GTEFH Session Saved
03:11:06 pm ::-->> adminhub__QVVUSF9DRVJU Session Saved
03:11:06 pm ::-->> adminhub__email Session Saved
10:15:40 am ::-->> adminhub__Trace_LifeTime Session Saved
10:19:50 am ::-->> adminhub__Trace_LifeTime Session Saved
10:19:50 am ::-->> adminhub__Q1NSRl9GTEFH Session Saved
03:20:27 pm ::-->> adminhub__QVVUSF9DRVJU Session Saved
03:20:27 pm ::-->> adminhub__email Session Saved
10:30:47 am ::-->> adminhub__Trace_LifeTime Session Saved
10:46:13 am ::-->> adminhub__Trace_LifeTime Session Saved
10:52:09 am ::-->> adminhub__Trace_LifeTime Session Saved
03:52:09 pm ::-->> adminhub__Q1NSRl9GTEFH Session Saved
03:52:54 pm ::-->> adminhub__Q1NSRl9GTEFH Session Saved
10:55:21 am ::-->> adminhub__Trace_LifeTime Session Saved
10:55:23 am ::-->> adminhub__Q1NSRl9GTEFH Session Saved
11:14:17 am ::-->> adminhub__Trace_LifeTime Session Saved
11:30:03 am ::-->> adminhub__Trace_LifeTime Session Saved
11:45:24 am ::-->> adminhub__Trace_LifeTime Session Saved
01:04:35 pm ::-->> adminhub__Trace_LifeTime Session Saved
01:24:55 pm ::-->> adminhub__Trace_LifeTime Session Saved
03:05:32 pm ::-->> adminhub__Trace_LifeTime Session Saved
05:34:34 pm ::-->> adminhub__Trace_LifeTime Session Saved
10:44:50 pm ::-->> adminhub__Q1NSRl9GTEFH Session Saved
10:48:13 pm ::-->> adminhub__Q1NSRl9GTEFH Session Saved
10:48:45 pm ::-->> adminhub__Q1NSRl9GTEFH Session Saved
05:49:39 pm ::-->> adminhub__Trace_LifeTime Session Saved
05:53:22 pm ::-->> adminhub__Trace_LifeTime Session Saved
05:53:23 pm ::-->> adminhub__Q1NSRl9GTEFH Session Saved
10:55:41 pm ::-->> adminhub__Q1NSRl9GTEFH Session Saved
10:57:22 pm ::-->> adminhub__Q1NSRl9GTEFH Session Saved
06:59:43 pm ::-->> adminhub__Trace_LifeTime Session Saved
11:59:44 pm ::-->> adminhub__Q1NSRl9GTEFH Session Saved
