04:39:22 am ::-->> adminhub__Trace_LifeTime Session Saved
05:19:20 am ::-->> adminhub__Trace_LifeTime Session Saved
05:19:20 am ::-->> adminhub__Q1NSRl9GTEFH Session Saved
10:19:30 am ::-->> adminhub__MHhjNF9mb3JtX2Vycm9ycw== Session Saved
05:19:31 am ::-->> adminhub__Q1NSRl9GTEFH Session Saved
10:19:39 am ::-->> adminhub__QVVUSF9DRVJU Session Saved
10:19:39 am ::-->> adminhub__email Session Saved
05:24:39 am ::-->> adminhub__Trace_LifeTime Session Saved
05:24:39 am ::-->> adminhub__Q1NSRl9GTEFH Session Saved
05:49:25 am ::-->> adminhub__Trace_LifeTime Session Saved
05:49:26 am ::-->> adminhub__Q1NSRl9GTEFH Session Saved
10:51:59 am ::-->> adminhub__QVVUSF9DRVJU Session Saved
10:51:59 am ::-->> adminhub__email Session Saved
06:09:05 am ::-->> adminhub__Trace_LifeTime Session Saved
06:09:06 am ::-->> adminhub__Q1NSRl9GTEFH Session Saved
11:09:32 am ::-->> adminhub__QVVUSF9DRVJU Session Saved
11:09:32 am ::-->> adminhub__email Session Saved
06:12:16 am ::-->> adminhub__Trace_LifeTime Session Saved
11:14:53 am ::-->> adminhub__Q1NSRl9GTEFH Session Saved
06:32:50 am ::-->> adminhub__Trace_LifeTime Session Saved
06:37:02 am ::-->> adminhub__Q1NSRl9GTEFH Session Saved
11:37:16 am ::-->> adminhub__MHhjNF9mb3JtX2Vycm9ycw== Session Saved
06:37:16 am ::-->> adminhub__Q1NSRl9GTEFH Session Saved
11:37:30 am ::-->> adminhub__QVVUSF9DRVJU Session Saved
11:37:30 am ::-->> adminhub__email Session Saved
07:37:05 am ::-->> adminhub__Trace_LifeTime Session Saved
09:19:24 am ::-->> adminhub__Trace_LifeTime Session Saved
09:34:38 am ::-->> adminhub__Trace_LifeTime Session Saved
09:57:08 am ::-->> adminhub__Trace_LifeTime Session Saved
03:00:15 pm ::-->> adminhub__Q1NSRl9GTEFH Session Saved
10:26:16 am ::-->> adminhub__Trace_LifeTime Session Saved
10:26:17 am ::-->> adminhub__Q1NSRl9GTEFH Session Saved
03:27:05 pm ::-->> adminhub__QVVUSF9DRVJU Session Saved
03:27:05 pm ::-->> adminhub__email Session Saved
10:43:43 am ::-->> adminhub__Trace_LifeTime Session Saved
10:43:45 am ::-->> adminhub__Q1NSRl9GTEFH Session Saved
10:46:10 am ::-->> adminhub__Trace_LifeTime Session Saved
10:46:10 am ::-->> adminhub__Q1NSRl9GTEFH Session Saved
03:46:16 pm ::-->> adminhub__MHhjNF9mb3JtX2Vycm9ycw== Session Saved
10:46:17 am ::-->> adminhub__Q1NSRl9GTEFH Session Saved
03:46:26 pm ::-->> adminhub__QVVUSF9DRVJU Session Saved
03:46:26 pm ::-->> adminhub__email Session Saved
03:46:39 pm ::-->> adminhub__Q1NSRl9GTEFH Session Saved
10:48:56 am ::-->> adminhub__Trace_LifeTime Session Saved
10:59:31 am ::-->> adminhub__Trace_LifeTime Session Saved
03:59:31 pm ::-->> adminhub__QVVUSF9DRVJU Session Saved
03:59:31 pm ::-->> adminhub__email Session Saved
11:15:58 am ::-->> adminhub__Trace_LifeTime Session Saved
11:50:40 am ::-->> adminhub__Trace_LifeTime Session Saved
11:50:42 am ::-->> adminhub__Q1NSRl9GTEFH Session Saved
12:03:36 pm ::-->> adminhub__Trace_LifeTime Session Saved
12:03:40 pm ::-->> adminhub__Q1NSRl9GTEFH Session Saved
05:05:37 pm ::-->> adminhub__MHhjNF9mb3JtX2Vycm9ycw== Session Saved
12:05:40 pm ::-->> adminhub__Q1NSRl9GTEFH Session Saved
05:07:27 pm ::-->> adminhub__QVVUSF9DRVJU Session Saved
05:07:27 pm ::-->> adminhub__email Session Saved
12:09:49 pm ::-->> adminhub__Trace_LifeTime Session Saved
12:09:51 pm ::-->> adminhub__Q1NSRl9GTEFH Session Saved
05:10:03 pm ::-->> adminhub__QVVUSF9DRVJU Session Saved
05:10:03 pm ::-->> adminhub__email Session Saved
12:20:46 pm ::-->> adminhub__Trace_LifeTime Session Saved
12:25:21 pm ::-->> adminhub__Q1NSRl9GTEFH Session Saved
12:56:08 pm ::-->> adminhub__Trace_LifeTime Session Saved
12:56:09 pm ::-->> adminhub__Q1NSRl9GTEFH Session Saved
05:57:17 pm ::-->> adminhub__QVVUSF9DRVJU Session Saved
05:57:17 pm ::-->> adminhub__email Session Saved
03:01:02 pm ::-->> adminhub__Trace_LifeTime Session Saved
03:22:43 pm ::-->> adminhub__Trace_LifeTime Session Saved
08:27:49 pm ::-->> adminhub__Q1NSRl9GTEFH Session Saved
03:30:02 pm ::-->> adminhub__Q1NSRl9GTEFH Session Saved
08:30:33 pm ::-->> adminhub__QVVUSF9DRVJU Session Saved
08:30:33 pm ::-->> adminhub__email Session Saved
03:47:33 pm ::-->> adminhub__Trace_LifeTime Session Saved
03:48:30 pm ::-->> adminhub__Trace_LifeTime Session Saved
03:48:31 pm ::-->> adminhub__Q1NSRl9GTEFH Session Saved
08:52:38 pm ::-->> adminhub__QVVUSF9DRVJU Session Saved
08:52:38 pm ::-->> adminhub__email Session Saved
03:55:05 pm ::-->> adminhub__Q1NSRl9GTEFH Session Saved
04:02:44 pm ::-->> adminhub__Trace_LifeTime Session Saved
04:02:44 pm ::-->> adminhub__Trace_LifeTime Session Saved
04:38:31 pm ::-->> adminhub__Trace_LifeTime Session Saved
09:39:04 pm ::-->> adminhub__Q1NSRl9GTEFH Session Saved
09:39:48 pm ::-->> adminhub__Q1NSRl9GTEFH Session Saved
09:52:08 pm ::-->> adminhub__Q1NSRl9GTEFH Session Saved
05:12:00 pm ::-->> adminhub__Trace_LifeTime Session Saved
05:30:44 pm ::-->> adminhub__Trace_LifeTime Session Saved
06:09:01 pm ::-->> adminhub__Trace_LifeTime Session Saved
