02:36:00 am ::-->> adminhub__Trace_LifeTime Session Saved
02:36:01 am ::-->> adminhub__Q1NSRl9GTEFH Session Saved
07:36:27 am ::-->> adminhub__QVVUSF9DRVJU Session Saved
07:36:27 am ::-->> adminhub__email Session Saved
03:26:35 am ::-->> adminhub__Trace_LifeTime Session Saved
08:30:49 am ::-->> adminhub__Q1NSRl9GTEFH Session Saved
03:41:38 am ::-->> adminhub__Trace_LifeTime Session Saved
03:41:38 am ::-->> adminhub__Trace_LifeTime Session Saved
03:41:38 am ::-->> adminhub__Trace_LifeTime Session Saved
04:56:50 am ::-->> adminhub__Trace_LifeTime Session Saved
05:18:35 am ::-->> adminhub__Trace_LifeTime Session Saved
06:29:31 am ::-->> adminhub__Trace_LifeTime Session Saved
06:29:32 am ::-->> adminhub__Q1NSRl9GTEFH Session Saved
11:29:37 am ::-->> adminhub__QVVUSF9DRVJU Session Saved
11:29:37 am ::-->> adminhub__email Session Saved
06:57:36 am ::-->> adminhub__Trace_LifeTime Session Saved
07:22:46 am ::-->> adminhub__Trace_LifeTime Session Saved
09:19:20 am ::-->> adminhub__Trace_LifeTime Session Saved
09:47:19 am ::-->> adminhub__Trace_LifeTime Session Saved
11:29:05 am ::-->> adminhub__Trace_LifeTime Session Saved
11:56:43 am ::-->> adminhub__Trace_LifeTime Session Saved
11:56:44 am ::-->> adminhub__Q1NSRl9GTEFH Session Saved
04:56:52 pm ::-->> adminhub__QVVUSF9DRVJU Session Saved
04:56:52 pm ::-->> adminhub__email Session Saved
12:43:42 pm ::-->> adminhub__Trace_LifeTime Session Saved
01:10:37 pm ::-->> adminhub__Trace_LifeTime Session Saved
02:44:46 pm ::-->> adminhub__Trace_LifeTime Session Saved
03:06:59 pm ::-->> adminhub__Trace_LifeTime Session Saved
08:09:09 pm ::-->> adminhub__Q1NSRl9GTEFH Session Saved
03:56:43 pm ::-->> adminhub__Trace_LifeTime Session Saved
08:56:43 pm ::-->> adminhub__Q1NSRl9GTEFH Session Saved
09:58:14 pm ::-->> adminhub__Trace_LifeTime Session Saved
