12:32:03 am ::-->> adminhub__Trace_LifeTime Session Saved
12:32:04 am ::-->> adminhub__Q1NSRl9GTEFH Session Saved
05:32:14 am ::-->> adminhub__QVVUSF9DRVJU Session Saved
05:32:14 am ::-->> adminhub__email Session Saved
12:52:16 am ::-->> adminhub__Trace_LifeTime Session Saved
01:08:25 am ::-->> adminhub__Trace_LifeTime Session Saved
06:08:25 am ::-->> adminhub__Q1NSRl9GTEFH Session Saved
01:15:51 am ::-->> adminhub__Q1NSRl9GTEFH Session Saved
06:15:59 am ::-->> adminhub__QVVUSF9DRVJU Session Saved
06:15:59 am ::-->> adminhub__email Session Saved
02:17:26 am ::-->> adminhub__Trace_LifeTime Session Saved
02:43:15 am ::-->> adminhub__Trace_LifeTime Session Saved
03:49:40 am ::-->> adminhub__Trace_LifeTime Session Saved
05:02:23 am ::-->> adminhub__Trace_LifeTime Session Saved
05:18:03 am ::-->> adminhub__Trace_LifeTime Session Saved
05:39:17 am ::-->> adminhub__Trace_LifeTime Session Saved
06:01:04 am ::-->> adminhub__Trace_LifeTime Session Saved
07:34:26 am ::-->> adminhub__Trace_LifeTime Session Saved
07:34:26 am ::-->> adminhub__Q1NSRl9GTEFH Session Saved
12:39:24 pm ::-->> adminhub__QVVUSF9DRVJU Session Saved
12:39:24 pm ::-->> adminhub__email Session Saved
07:48:31 am ::-->> adminhub__Q1NSRl9GTEFH Session Saved
08:54:57 am ::-->> adminhub__Trace_LifeTime Session Saved
08:54:58 am ::-->> adminhub__Q1NSRl9GTEFH Session Saved
01:55:03 pm ::-->> adminhub__QVVUSF9DRVJU Session Saved
01:55:03 pm ::-->> adminhub__email Session Saved
08:56:57 am ::-->> adminhub__Q1NSRl9GTEFH Session Saved
01:57:12 pm ::-->> adminhub__QVVUSF9DRVJU Session Saved
01:57:12 pm ::-->> adminhub__email Session Saved
09:28:52 am ::-->> adminhub__Trace_LifeTime Session Saved
09:44:21 am ::-->> adminhub__Trace_LifeTime Session Saved
11:38:47 am ::-->> adminhub__Trace_LifeTime Session Saved
11:38:48 am ::-->> adminhub__Q1NSRl9GTEFH Session Saved
04:39:00 pm ::-->> adminhub__QVVUSF9DRVJU Session Saved
04:39:00 pm ::-->> adminhub__email Session Saved
12:05:34 pm ::-->> adminhub__Trace_LifeTime Session Saved
12:41:18 pm ::-->> adminhub__Trace_LifeTime Session Saved
02:21:44 pm ::-->> adminhub__Trace_LifeTime Session Saved
03:01:29 pm ::-->> adminhub__Trace_LifeTime Session Saved
04:16:29 pm ::-->> adminhub__Trace_LifeTime Session Saved
05:21:16 pm ::-->> adminhub__Trace_LifeTime Session Saved
