01:45:27 am ::-->> adminhub__Trace_LifeTime Session Saved
01:45:28 am ::-->> adminhub__Q1NSRl9GTEFH Session Saved
06:45:36 am ::-->> adminhub__QVVUSF9DRVJU Session Saved
06:45:36 am ::-->> adminhub__email Session Saved
02:32:27 am ::-->> adminhub__Trace_LifeTime Session Saved
03:56:19 am ::-->> adminhub__Trace_LifeTime Session Saved
03:56:19 am ::-->> adminhub__Q1NSRl9GTEFH Session Saved
08:56:27 am ::-->> adminhub__QVVUSF9DRVJU Session Saved
08:56:27 am ::-->> adminhub__email Session Saved
04:43:36 am ::-->> adminhub__Trace_LifeTime Session Saved
09:17:19 am ::-->> adminhub__Trace_LifeTime Session Saved
09:17:20 am ::-->> adminhub__Q1NSRl9GTEFH Session Saved
02:18:08 pm ::-->> adminhub__QVVUSF9DRVJU Session Saved
02:18:08 pm ::-->> adminhub__email Session Saved
02:20:57 pm ::-->> adminhub__Q1NSRl9GTEFH Session Saved
10:26:19 am ::-->> adminhub__Trace_LifeTime Session Saved
10:26:20 am ::-->> adminhub__Q1NSRl9GTEFH Session Saved
03:27:12 pm ::-->> adminhub__QVVUSF9DRVJU Session Saved
03:27:12 pm ::-->> adminhub__email Session Saved
03:30:43 pm ::-->> adminhub__Q1NSRl9GTEFH Session Saved
10:43:20 am ::-->> adminhub__Trace_LifeTime Session Saved
11:35:46 am ::-->> adminhub__Trace_LifeTime Session Saved
11:35:47 am ::-->> adminhub__Q1NSRl9GTEFH Session Saved
04:35:55 pm ::-->> adminhub__QVVUSF9DRVJU Session Saved
04:35:55 pm ::-->> adminhub__email Session Saved
04:41:56 pm ::-->> adminhub__Q1NSRl9GTEFH Session Saved
12:03:54 pm ::-->> adminhub__Trace_LifeTime Session Saved
12:35:20 pm ::-->> adminhub__Trace_LifeTime Session Saved
12:35:21 pm ::-->> adminhub__Q1NSRl9GTEFH Session Saved
05:35:27 pm ::-->> adminhub__QVVUSF9DRVJU Session Saved
05:35:27 pm ::-->> adminhub__email Session Saved
04:09:41 pm ::-->> adminhub__Trace_LifeTime Session Saved
05:05:35 pm ::-->> adminhub__Trace_LifeTime Session Saved
05:05:36 pm ::-->> adminhub__Q1NSRl9GTEFH Session Saved
10:05:59 pm ::-->> adminhub__QVVUSF9DRVJU Session Saved
10:05:59 pm ::-->> adminhub__email Session Saved
05:07:16 pm ::-->> adminhub__Q1NSRl9GTEFH Session Saved
